kotlin version: 2.1.20
error message: org.jetbrains.kotlin.backend.common.BackendException: Backend Internal error: Exception during IR lowering
File being compiled: /Users/mihu/Development/Projects/Android/toast/library/src/main/java/ro/cosminmihu/toast/Toast.kt
The root cause java.lang.RuntimeException was thrown at: org.jetbrains.kotlin.backend.jvm.codegen.FunctionCodegen.generate(FunctionCodegen.kt:48)
	at org.jetbrains.kotlin.backend.common.CodegenUtil.reportBackendException(CodegenUtil.kt:107)
	at org.jetbrains.kotlin.backend.common.CodegenUtil.reportBackendException$default(CodegenUtil.kt:90)
	at org.jetbrains.kotlin.backend.common.phaser.PerformByIrFilePhase.invokeSequential(performByIrFile.kt:54)
	at org.jetbrains.kotlin.backend.common.phaser.PerformByIrFilePhase.invoke(performByIrFile.kt:41)
	at org.jetbrains.kotlin.backend.common.phaser.PerformByIrFilePhase.invoke(performByIrFile.kt:27)
	at org.jetbrains.kotlin.config.phaser.CompilerPhaseKt.invokeToplevel(CompilerPhase.kt:62)
	at org.jetbrains.kotlin.backend.jvm.JvmIrCodegenFactory.invokeCodegen(JvmIrCodegenFactory.kt:371)
	at org.jetbrains.kotlin.cli.jvm.compiler.KotlinToJVMBytecodeCompiler.runCodegen$cli(KotlinToJVMBytecodeCompiler.kt:413)
	at org.jetbrains.kotlin.cli.pipeline.jvm.JvmBackendPipelinePhase.executePhase(JvmBackendPipelinePhase.kt:98)
	at org.jetbrains.kotlin.cli.pipeline.jvm.JvmBackendPipelinePhase.executePhase(JvmBackendPipelinePhase.kt:30)
	at org.jetbrains.kotlin.cli.pipeline.PipelinePhase.phaseBody(PipelinePhase.kt:68)
	at org.jetbrains.kotlin.cli.pipeline.PipelinePhase.phaseBody(PipelinePhase.kt:58)
	at org.jetbrains.kotlin.config.phaser.SimpleNamedCompilerPhase.phaseBody(CompilerPhase.kt:215)
	at org.jetbrains.kotlin.config.phaser.NamedCompilerPhase.invoke(CompilerPhase.kt:111)
	at org.jetbrains.kotlin.backend.common.phaser.CompositePhase.invoke(PhaseBuilders.kt:28)
	at org.jetbrains.kotlin.config.phaser.CompilerPhaseKt.invokeToplevel(CompilerPhase.kt:62)
	at org.jetbrains.kotlin.cli.pipeline.AbstractCliPipeline.runPhasedPipeline(AbstractCliPipeline.kt:106)
	at org.jetbrains.kotlin.cli.pipeline.AbstractCliPipeline.execute(AbstractCliPipeline.kt:65)
	at org.jetbrains.kotlin.cli.jvm.K2JVMCompiler.doExecutePhased(K2JVMCompiler.kt:61)
	at org.jetbrains.kotlin.cli.jvm.K2JVMCompiler.doExecutePhased(K2JVMCompiler.kt:36)
	at org.jetbrains.kotlin.cli.common.CLICompiler.execImpl(CLICompiler.kt:80)
	at org.jetbrains.kotlin.cli.common.CLICompiler.exec(CLICompiler.kt:337)
	at org.jetbrains.kotlin.incremental.IncrementalJvmCompilerRunner.runCompiler(IncrementalJvmCompilerRunner.kt:466)
	at org.jetbrains.kotlin.incremental.IncrementalJvmCompilerRunner.runCompiler(IncrementalJvmCompilerRunner.kt:75)
	at org.jetbrains.kotlin.incremental.IncrementalCompilerRunner.doCompile(IncrementalCompilerRunner.kt:514)
	at org.jetbrains.kotlin.incremental.IncrementalCompilerRunner.compileImpl(IncrementalCompilerRunner.kt:431)
	at org.jetbrains.kotlin.incremental.IncrementalCompilerRunner.compileNonIncrementally(IncrementalCompilerRunner.kt:310)
	at org.jetbrains.kotlin.incremental.IncrementalCompilerRunner.compile(IncrementalCompilerRunner.kt:137)
	at org.jetbrains.kotlin.daemon.CompileServiceImplBase.execIncrementalCompiler(CompileServiceImpl.kt:678)
	at org.jetbrains.kotlin.daemon.CompileServiceImplBase.access$execIncrementalCompiler(CompileServiceImpl.kt:92)
	at org.jetbrains.kotlin.daemon.CompileServiceImpl.compile(CompileServiceImpl.kt:1805)
	at java.base/jdk.internal.reflect.DirectMethodHandleAccessor.invoke(Unknown Source)
	at java.base/java.lang.reflect.Method.invoke(Unknown Source)
	at java.rmi/sun.rmi.server.UnicastServerRef.dispatch(Unknown Source)
	at java.rmi/sun.rmi.transport.Transport$1.run(Unknown Source)
	at java.rmi/sun.rmi.transport.Transport$1.run(Unknown Source)
	at java.base/java.security.AccessController.doPrivileged(Unknown Source)
	at java.rmi/sun.rmi.transport.Transport.serviceCall(Unknown Source)
	at java.rmi/sun.rmi.transport.tcp.TCPTransport.handleMessages(Unknown Source)
	at java.rmi/sun.rmi.transport.tcp.TCPTransport$ConnectionHandler.run0(Unknown Source)
	at java.rmi/sun.rmi.transport.tcp.TCPTransport$ConnectionHandler.lambda$run$0(Unknown Source)
	at java.base/java.security.AccessController.doPrivileged(Unknown Source)
	at java.rmi/sun.rmi.transport.tcp.TCPTransport$ConnectionHandler.run(Unknown Source)
	at java.base/java.util.concurrent.ThreadPoolExecutor.runWorker(Unknown Source)
	at java.base/java.util.concurrent.ThreadPoolExecutor$Worker.run(Unknown Source)
	at java.base/java.lang.Thread.run(Unknown Source)
Caused by: java.lang.RuntimeException: Exception while generating code for:
FUN name:Toast visibility:public modality:FINAL <> (build:@[ExtensionFunctionType] kotlin.Function1<ro.cosminmihu.toast.ToastBuilder, kotlin.Unit>) returnType:kotlin.Unit
  annotations:
    Composable
    NonRestartableComposable
  VALUE_PARAMETER name:build index:0 type:@[ExtensionFunctionType] kotlin.Function1<ro.cosminmihu.toast.ToastBuilder, kotlin.Unit>
  BLOCK_BODY
    VAR name:context type:android.content.Context [val]
      CALL 'public final fun <get-current> (): T of androidx.compose.runtime.CompositionLocal [inline] declared in androidx.compose.runtime.CompositionLocal' type=android.content.Context origin=GET_PROPERTY
        $this: TYPE_OP type=androidx.compose.runtime.CompositionLocal<T of androidx.compose.runtime.CompositionLocal> origin=IMPLICIT_CAST typeOperand=androidx.compose.runtime.CompositionLocal<T of androidx.compose.runtime.CompositionLocal>
          CALL 'public final fun <get-LocalContext> (): androidx.compose.runtime.ProvidableCompositionLocal<android.content.Context> declared in androidx.compose.ui.platform.AndroidCompositionLocals_androidKt' type=androidx.compose.runtime.ProvidableCompositionLocal<android.content.Context> origin=GET_PROPERTY
    CALL 'public final fun LaunchedEffect (key1: kotlin.Any?, block: @[ExtensionFunctionType] kotlin.coroutines.SuspendFunction1<kotlinx.coroutines.CoroutineScope, kotlin.Unit>): kotlin.Unit declared in androidx.compose.runtime.EffectsKt' type=kotlin.Unit origin=null
      key1: GET_FIELD 'FIELD FIELD_FOR_OBJECT_INSTANCE name:INSTANCE type:kotlin.Unit visibility:public [final,static] declared in kotlin.Unit' type=kotlin.Unit origin=null
      block: BLOCK type=ro.cosminmihu.toast.ToastKt.Toast.<no name provided> origin=null
        CLASS SUSPEND_LAMBDA CLASS name:<no name provided> modality:FINAL visibility:public/*package*/ superTypes:[kotlin.coroutines.jvm.internal.SuspendLambda; kotlin.jvm.functions.Function2<kotlinx.coroutines.CoroutineScope, kotlin.coroutines.Continuation<kotlin.Unit>?, kotlin.Any?>]
          $this: VALUE_PARAMETER INSTANCE_RECEIVER name:<this> type:ro.cosminmihu.toast.ToastKt.Toast.<no name provided>
          FIELD name:label type:kotlin.Int visibility:public/*package*/
          CONSTRUCTOR SUSPEND_LAMBDA visibility:public/*package*/ <> ($context:android.content.Context, $build:@[ExtensionFunctionType] kotlin.Function1<ro.cosminmihu.toast.ToastBuilder, kotlin.Unit>, $completion:kotlin.coroutines.Continuation<ro.cosminmihu.toast.ToastKt.Toast.<no name provided>>?) returnType:ro.cosminmihu.toast.ToastKt.Toast.<no name provided> [primary]
            VALUE_PARAMETER BOUND_VALUE_PARAMETER name:$context index:0 type:android.content.Context
            VALUE_PARAMETER BOUND_VALUE_PARAMETER name:$build index:1 type:@[ExtensionFunctionType] kotlin.Function1<ro.cosminmihu.toast.ToastBuilder, kotlin.Unit>
            VALUE_PARAMETER name:$completion index:2 type:kotlin.coroutines.Continuation<ro.cosminmihu.toast.ToastKt.Toast.<no name provided>>?
            BLOCK_BODY
              SET_FIELD 'FIELD FIELD_FOR_CAPTURED_VALUE name:$context type:android.content.Context visibility:public/*package*/ [final] declared in ro.cosminmihu.toast.ToastKt.Toast.<no name provided>' type=kotlin.Unit origin=INITIALIZER_OF_FIELD_FOR_CAPTURED_VALUE
                receiver: GET_VAR '<this>: ro.cosminmihu.toast.ToastKt.Toast.<no name provided> declared in ro.cosminmihu.toast.ToastKt.Toast.<no name provided>' type=ro.cosminmihu.toast.ToastKt.Toast.<no name provided> origin=null
                value: GET_VAR '$context: android.content.Context declared in ro.cosminmihu.toast.ToastKt.Toast.<no name provided>.<init>' type=android.content.Context origin=null
              SET_FIELD 'FIELD FIELD_FOR_CAPTURED_VALUE name:$build type:@[ExtensionFunctionType] kotlin.Function1<ro.cosminmihu.toast.ToastBuilder, kotlin.Unit> visibility:public/*package*/ [final] declared in ro.cosminmihu.toast.ToastKt.Toast.<no name provided>' type=kotlin.Unit origin=INITIALIZER_OF_FIELD_FOR_CAPTURED_VALUE
                receiver: GET_VAR '<this>: ro.cosminmihu.toast.ToastKt.Toast.<no name provided> declared in ro.cosminmihu.toast.ToastKt.Toast.<no name provided>' type=ro.cosminmihu.toast.ToastKt.Toast.<no name provided> origin=null
                value: GET_VAR '$build: @[ExtensionFunctionType] kotlin.Function1<ro.cosminmihu.toast.ToastBuilder, kotlin.Unit> declared in ro.cosminmihu.toast.ToastKt.Toast.<no name provided>.<init>' type=@[ExtensionFunctionType] kotlin.Function1<ro.cosminmihu.toast.ToastBuilder, kotlin.Unit> origin=null
              DELEGATING_CONSTRUCTOR_CALL 'public constructor <init> (arity: kotlin.Int, $completion: kotlin.coroutines.Continuation<kotlin.Any?>?) declared in kotlin.coroutines.jvm.internal.SuspendLambda'
                arity: CONST Int type=kotlin.Int value=2
                $completion: GET_VAR '$completion: kotlin.coroutines.Continuation<ro.cosminmihu.toast.ToastKt.Toast.<no name provided>>? declared in ro.cosminmihu.toast.ToastKt.Toast.<no name provided>.<init>' type=kotlin.coroutines.Continuation<ro.cosminmihu.toast.ToastKt.Toast.<no name provided>>? origin=null
              BLOCK type=kotlin.Unit origin=null
          FUN name:invokeSuspend visibility:public modality:FINAL <> ($this:ro.cosminmihu.toast.ToastKt.Toast.<no name provided>, $result:kotlin.Result<kotlin.Any?>) returnType:kotlin.Any?
            overridden:
              protected abstract fun invokeSuspend ($result: kotlin.Result<kotlin.Any?>): kotlin.Any? declared in kotlin.coroutines.jvm.internal.SuspendLambda
            $this: VALUE_PARAMETER INSTANCE_RECEIVER name:<this> type:ro.cosminmihu.toast.ToastKt.Toast.<no name provided>
            VALUE_PARAMETER name:$result index:0 type:kotlin.Result<kotlin.Any?>
            BLOCK_BODY
              VAR name:builder type:ro.cosminmihu.toast.ToastBuilder [val]
                CONSTRUCTOR_CALL 'public constructor <init> (context: android.content.Context) [primary] declared in ro.cosminmihu.toast.ToastBuilder' type=ro.cosminmihu.toast.ToastBuilder origin=null
                  context: GET_FIELD 'FIELD FIELD_FOR_CAPTURED_VALUE name:$context type:android.content.Context visibility:public/*package*/ [final] declared in ro.cosminmihu.toast.ToastKt.Toast.<no name provided>' type=android.content.Context origin=null
                    receiver: GET_VAR '<this>: ro.cosminmihu.toast.ToastKt.Toast.<no name provided> declared in ro.cosminmihu.toast.ToastKt.Toast.<no name provided>.invokeSuspend' type=ro.cosminmihu.toast.ToastKt.Toast.<no name provided> origin=null
              CALL 'public abstract fun invoke (p1: P1 of kotlin.Function1): R of kotlin.Function1 [operator] declared in kotlin.Function1' type=kotlin.Unit origin=INVOKE
                $this: GET_FIELD 'FIELD FIELD_FOR_CAPTURED_VALUE name:$build type:@[ExtensionFunctionType] kotlin.Function1<ro.cosminmihu.toast.ToastBuilder, kotlin.Unit> visibility:public/*package*/ [final] declared in ro.cosminmihu.toast.ToastKt.Toast.<no name provided>' type=@[ExtensionFunctionType] kotlin.Function1<ro.cosminmihu.toast.ToastBuilder, kotlin.Unit> origin=null
                  receiver: GET_VAR '<this>: ro.cosminmihu.toast.ToastKt.Toast.<no name provided> declared in ro.cosminmihu.toast.ToastKt.Toast.<no name provided>.invokeSuspend' type=ro.cosminmihu.toast.ToastKt.Toast.<no name provided> origin=null
                p1: GET_VAR 'val builder: ro.cosminmihu.toast.ToastBuilder [val] declared in ro.cosminmihu.toast.ToastKt.Toast.<no name provided>.invokeSuspend' type=ro.cosminmihu.toast.ToastBuilder origin=null
              CALL 'public final fun show (): kotlin.Unit declared in ro.cosminmihu.toast.ToastBuilder' type=kotlin.Unit origin=null
                $this: GET_VAR 'val builder: ro.cosminmihu.toast.ToastBuilder [val] declared in ro.cosminmihu.toast.ToastKt.Toast.<no name provided>.invokeSuspend' type=ro.cosminmihu.toast.ToastBuilder origin=null
          FUN name:create visibility:public modality:FINAL <> ($this:ro.cosminmihu.toast.ToastKt.Toast.<no name provided>, value:kotlin.Any?, $completion:kotlin.coroutines.Continuation<kotlin.Nothing>) returnType:kotlin.coroutines.Continuation<kotlin.Unit>
            overridden:
              public open fun create (value: kotlin.Any?, $completion: kotlin.coroutines.Continuation<kotlin.Nothing>): kotlin.coroutines.Continuation<kotlin.Unit> declared in kotlin.coroutines.jvm.internal.SuspendLambda
            $this: VALUE_PARAMETER INSTANCE_RECEIVER name:<this> type:ro.cosminmihu.toast.ToastKt.Toast.<no name provided>
            VALUE_PARAMETER name:value index:0 type:kotlin.Any?
            VALUE_PARAMETER name:$completion index:1 type:kotlin.coroutines.Continuation<kotlin.Nothing>
            BLOCK_BODY
              RETURN type=kotlin.Nothing from='public final fun create (value: kotlin.Any?, $completion: kotlin.coroutines.Continuation<kotlin.Nothing>): kotlin.coroutines.Continuation<kotlin.Unit> declared in ro.cosminmihu.toast.ToastKt.Toast.<no name provided>'
                CONSTRUCTOR_CALL 'public/*package*/ constructor <init> ($context: android.content.Context, $build: @[ExtensionFunctionType] kotlin.Function1<ro.cosminmihu.toast.ToastBuilder, kotlin.Unit>, $completion: kotlin.coroutines.Continuation<ro.cosminmihu.toast.ToastKt.Toast.<no name provided>>?) [primary] declared in ro.cosminmihu.toast.ToastKt.Toast.<no name provided>' type=ro.cosminmihu.toast.ToastKt.Toast.<no name provided> origin=null
                  $context: GET_FIELD 'FIELD FIELD_FOR_CAPTURED_VALUE name:$context type:android.content.Context visibility:public/*package*/ [final] declared in ro.cosminmihu.toast.ToastKt.Toast.<no name provided>' type=android.content.Context origin=null
                    receiver: GET_VAR '<this>: ro.cosminmihu.toast.ToastKt.Toast.<no name provided> declared in ro.cosminmihu.toast.ToastKt.Toast.<no name provided>.create' type=ro.cosminmihu.toast.ToastKt.Toast.<no name provided> origin=null
                  $build: GET_FIELD 'FIELD FIELD_FOR_CAPTURED_VALUE name:$build type:@[ExtensionFunctionType] kotlin.Function1<ro.cosminmihu.toast.ToastBuilder, kotlin.Unit> visibility:public/*package*/ [final] declared in ro.cosminmihu.toast.ToastKt.Toast.<no name provided>' type=@[ExtensionFunctionType] kotlin.Function1<ro.cosminmihu.toast.ToastBuilder, kotlin.Unit> origin=null
                    receiver: GET_VAR '<this>: ro.cosminmihu.toast.ToastKt.Toast.<no name provided> declared in ro.cosminmihu.toast.ToastKt.Toast.<no name provided>.create' type=ro.cosminmihu.toast.ToastKt.Toast.<no name provided> origin=null
                  $completion: GET_VAR '$completion: kotlin.coroutines.Continuation<kotlin.Nothing> declared in ro.cosminmihu.toast.ToastKt.Toast.<no name provided>.create' type=kotlin.coroutines.Continuation<kotlin.Nothing> origin=null
          FUN name:invoke visibility:public modality:FINAL <> ($this:ro.cosminmihu.toast.ToastKt.Toast.<no name provided>, p1:kotlinx.coroutines.CoroutineScope, p2:kotlin.coroutines.Continuation<kotlin.Unit>?) returnType:kotlin.Any?
            overridden:
              public abstract fun invoke (p1: P1 of kotlin.jvm.functions.Function2, p2: P2 of kotlin.jvm.functions.Function2): R of kotlin.jvm.functions.Function2 declared in kotlin.jvm.functions.Function2
            $this: VALUE_PARAMETER INSTANCE_RECEIVER name:<this> type:ro.cosminmihu.toast.ToastKt.Toast.<no name provided>
            VALUE_PARAMETER name:p1 index:0 type:kotlinx.coroutines.CoroutineScope
            VALUE_PARAMETER name:p2 index:1 type:kotlin.coroutines.Continuation<kotlin.Unit>?
            BLOCK_BODY
              RETURN type=kotlin.Nothing from='public final fun invoke (p1: kotlinx.coroutines.CoroutineScope, p2: kotlin.coroutines.Continuation<kotlin.Unit>?): kotlin.Any? declared in ro.cosminmihu.toast.ToastKt.Toast.<no name provided>'
                CALL 'public final fun invokeSuspend ($result: kotlin.Result<kotlin.Any?>): kotlin.Any? declared in ro.cosminmihu.toast.ToastKt.Toast.<no name provided>' type=kotlin.Any? origin=null
                  $this: TYPE_OP type=ro.cosminmihu.toast.ToastKt.Toast.<no name provided> origin=IMPLICIT_CAST typeOperand=ro.cosminmihu.toast.ToastKt.Toast.<no name provided>
                    CALL 'public final fun create (value: kotlin.Any?, $completion: kotlin.coroutines.Continuation<kotlin.Nothing>): kotlin.coroutines.Continuation<kotlin.Unit> declared in ro.cosminmihu.toast.ToastKt.Toast.<no name provided>' type=kotlin.coroutines.Continuation<kotlin.Unit> origin=null
                      $this: GET_VAR '<this>: ro.cosminmihu.toast.ToastKt.Toast.<no name provided> declared in ro.cosminmihu.toast.ToastKt.Toast.<no name provided>.invoke' type=ro.cosminmihu.toast.ToastKt.Toast.<no name provided> origin=null
                      value: GET_VAR 'p1: kotlinx.coroutines.CoroutineScope declared in ro.cosminmihu.toast.ToastKt.Toast.<no name provided>.invoke' type=kotlinx.coroutines.CoroutineScope origin=null
                      $completion: GET_VAR 'p2: kotlin.coroutines.Continuation<kotlin.Unit>? declared in ro.cosminmihu.toast.ToastKt.Toast.<no name provided>.invoke' type=kotlin.coroutines.Continuation<kotlin.Unit>? origin=null
                  $result: CALL 'public final fun <unsafe-coerce> <T, R> (v: T of kotlin.jvm.internal.<unsafe-coerce>): R of kotlin.jvm.internal.<unsafe-coerce> declared in kotlin.jvm.internal' type=kotlin.Result<kotlin.Any?> origin=null
                    <T>: kotlin.Any?
                    <R>: kotlin.Result<kotlin.Any?>
                    v: GET_FIELD 'FIELD FIELD_FOR_OBJECT_INSTANCE name:INSTANCE type:kotlin.Unit visibility:public [final,static] declared in kotlin.Unit' type=kotlin.Unit origin=null
          FIELD FIELD_FOR_CAPTURED_VALUE name:$context type:android.content.Context visibility:public/*package*/ [final]
          FIELD FIELD_FOR_CAPTURED_VALUE name:$build type:@[ExtensionFunctionType] kotlin.Function1<ro.cosminmihu.toast.ToastBuilder, kotlin.Unit> visibility:public/*package*/ [final]
          FUN BRIDGE name:invoke visibility:public modality:OPEN <> ($this:ro.cosminmihu.toast.ToastKt.Toast.<no name provided>, p1:kotlin.Any?, p2:kotlin.Any?) returnType:kotlin.Any?
            $this: VALUE_PARAMETER INSTANCE_RECEIVER name:<this> type:ro.cosminmihu.toast.ToastKt.Toast.<no name provided>
            VALUE_PARAMETER BRIDGE name:p1 index:0 type:kotlin.Any?
            VALUE_PARAMETER BRIDGE name:p2 index:1 type:kotlin.Any?
            EXPRESSION_BODY
              RETURN type=kotlin.Nothing from='public open fun invoke (p1: kotlin.Any?, p2: kotlin.Any?): kotlin.Any? declared in ro.cosminmihu.toast.ToastKt.Toast.<no name provided>'
                CALL 'public final fun invoke (p1: kotlinx.coroutines.CoroutineScope, p2: kotlin.coroutines.Continuation<kotlin.Unit>?): kotlin.Any? declared in ro.cosminmihu.toast.ToastKt.Toast.<no name provided>' type=kotlin.Any? origin=BRIDGE_DELEGATION
                  $this: GET_VAR '<this>: ro.cosminmihu.toast.ToastKt.Toast.<no name provided> declared in ro.cosminmihu.toast.ToastKt.Toast.<no name provided>.invoke' type=ro.cosminmihu.toast.ToastKt.Toast.<no name provided> origin=null
                  p1: TYPE_OP type=kotlinx.coroutines.CoroutineScope origin=IMPLICIT_CAST typeOperand=kotlinx.coroutines.CoroutineScope
                    GET_VAR 'p1: kotlin.Any? declared in ro.cosminmihu.toast.ToastKt.Toast.<no name provided>.invoke' type=kotlin.Any? origin=null
                  p2: TYPE_OP type=kotlin.coroutines.Continuation<*> origin=IMPLICIT_CAST typeOperand=kotlin.coroutines.Continuation<*>
                    GET_VAR 'p2: kotlin.Any? declared in ro.cosminmihu.toast.ToastKt.Toast.<no name provided>.invoke' type=kotlin.Any? origin=null
        CONSTRUCTOR_CALL 'public/*package*/ constructor <init> ($context: android.content.Context, $build: @[ExtensionFunctionType] kotlin.Function1<ro.cosminmihu.toast.ToastBuilder, kotlin.Unit>, $completion: kotlin.coroutines.Continuation<ro.cosminmihu.toast.ToastKt.Toast.<no name provided>>?) [primary] declared in ro.cosminmihu.toast.ToastKt.Toast.<no name provided>' type=ro.cosminmihu.toast.ToastKt.Toast.<no name provided> origin=null
          $context: GET_VAR 'val context: android.content.Context [val] declared in ro.cosminmihu.toast.ToastKt.Toast' type=android.content.Context origin=null
          $build: GET_VAR 'build: @[ExtensionFunctionType] kotlin.Function1<ro.cosminmihu.toast.ToastBuilder, kotlin.Unit> declared in ro.cosminmihu.toast.ToastKt.Toast' type=@[ExtensionFunctionType] kotlin.Function1<ro.cosminmihu.toast.ToastBuilder, kotlin.Unit> origin=null
          $completion: CONST Null type=kotlin.Nothing? value=null

	at org.jetbrains.kotlin.backend.jvm.codegen.FunctionCodegen.generate(FunctionCodegen.kt:48)
	at org.jetbrains.kotlin.backend.jvm.codegen.FunctionCodegen.generate$default(FunctionCodegen.kt:41)
	at org.jetbrains.kotlin.backend.jvm.codegen.ClassCodegen.generateMethodNode(ClassCodegen.kt:405)
	at org.jetbrains.kotlin.backend.jvm.codegen.ClassCodegen.generateMethod(ClassCodegen.kt:422)
	at org.jetbrains.kotlin.backend.jvm.codegen.ClassCodegen.generate(ClassCodegen.kt:167)
	at org.jetbrains.kotlin.backend.jvm.JvmIrCodegenFactory.generateFile$lambda$18(JvmIrCodegenFactory.kt:398)
	at org.jetbrains.kotlin.backend.common.phaser.PhaseBuildersKt$createSimpleNamedCompilerPhase$1.phaseBody(PhaseBuilders.kt:68)
	at org.jetbrains.kotlin.config.phaser.SimpleNamedCompilerPhase.phaseBody(CompilerPhase.kt:215)
	at org.jetbrains.kotlin.config.phaser.NamedCompilerPhase.invoke(CompilerPhase.kt:111)
	at org.jetbrains.kotlin.backend.common.phaser.PerformByIrFilePhase.invokeSequential(performByIrFile.kt:51)
	... 43 more
Caused by: org.jetbrains.kotlin.codegen.CompilationException: Back-end (JVM) Internal error: Couldn't inline method call: CALL 'public final fun <get-current> (): T of androidx.compose.runtime.CompositionLocal [inline] declared in androidx.compose.runtime.CompositionLocal' type=android.content.Context origin=GET_PROPERTY
Method: null
File is unknown
The root cause java.lang.IllegalStateException was thrown at: org.jetbrains.kotlin.codegen.inline.SourceCompilerForInlineKt.getMethodNode(SourceCompilerForInline.kt:128)
	at org.jetbrains.kotlin.codegen.inline.InlineCodegen.performInline(InlineCodegen.kt:65)
	at org.jetbrains.kotlin.backend.jvm.codegen.IrInlineCodegen.genInlineCall(IrInlineCodegen.kt:163)
	at org.jetbrains.kotlin.backend.jvm.codegen.IrInlineCallGenerator.genCall(IrInlineCallGenerator.kt:36)
	at org.jetbrains.kotlin.backend.jvm.codegen.ExpressionCodegen.visitCall(ExpressionCodegen.kt:594)
	at org.jetbrains.kotlin.backend.jvm.codegen.ExpressionCodegen.visitCall(ExpressionCodegen.kt:135)
	at org.jetbrains.kotlin.ir.expressions.IrCall.accept(IrCall.kt:24)
	at org.jetbrains.kotlin.backend.jvm.codegen.ExpressionCodegen.visitVariable(ExpressionCodegen.kt:734)
	at org.jetbrains.kotlin.backend.jvm.codegen.ExpressionCodegen.visitVariable(ExpressionCodegen.kt:135)
	at org.jetbrains.kotlin.ir.declarations.IrVariable.accept(IrVariable.kt:36)
	at org.jetbrains.kotlin.backend.jvm.codegen.ExpressionCodegen.visitStatementContainer(ExpressionCodegen.kt:520)
	at org.jetbrains.kotlin.backend.jvm.codegen.ExpressionCodegen.visitBlockBody(ExpressionCodegen.kt:525)
	at org.jetbrains.kotlin.backend.jvm.codegen.ExpressionCodegen.visitBlockBody(ExpressionCodegen.kt:135)
	at org.jetbrains.kotlin.ir.expressions.IrBlockBody.accept(IrBlockBody.kt:20)
	at org.jetbrains.kotlin.backend.jvm.codegen.ExpressionCodegen.generate(ExpressionCodegen.kt:237)
	at org.jetbrains.kotlin.backend.jvm.codegen.FunctionCodegen.doGenerate(FunctionCodegen.kt:124)
	at org.jetbrains.kotlin.backend.jvm.codegen.FunctionCodegen.generate(FunctionCodegen.kt:45)
	... 52 more
Caused by: java.lang.IllegalStateException: couldn't find inline method Landroidx/compose/runtime/CompositionLocal;.getCurrent()Ljava/lang/Object;
	at org.jetbrains.kotlin.codegen.inline.SourceCompilerForInlineKt.getMethodNode(SourceCompilerForInline.kt:128)
	at org.jetbrains.kotlin.codegen.inline.SourceCompilerForInlineKt.loadCompiledInlineFunction(SourceCompilerForInline.kt:97)
	at org.jetbrains.kotlin.backend.jvm.codegen.IrSourceCompilerForInline.compileInlineFunction(IrSourceCompilerForInline.kt:92)
	at org.jetbrains.kotlin.codegen.inline.InlineCodegen.compileInline(InlineCodegen.kt:42)
	at org.jetbrains.kotlin.codegen.inline.InlineCodegen.performInline(InlineCodegen.kt:50)
	... 67 more


